<?xml version="1.0" encoding="UTF-8"?>
<coverage generated="1743758184607" clover="3.2.0">
  <project timestamp="1743758184607" name="All files">
    <metrics statements="11" coveredstatements="11" conditionals="0" coveredconditionals="0" methods="3" coveredmethods="3" elements="14" coveredelements="14" complexity="0" loc="11" ncloc="11" packages="1" files="1" classes="1"/>
    <file name="Navbar.tsx" path="C:\Skill Sheet Project\Frontend\React Project\skill-sheet-frontend\src\components\Navbar.tsx">
      <metrics statements="11" coveredstatements="11" conditionals="0" coveredconditionals="0" methods="3" coveredmethods="3"/>
      <line num="1" count="1" type="stmt"/>
      <line num="2" count="1" type="stmt"/>
      <line num="3" count="1" type="stmt"/>
      <line num="4" count="1" type="stmt"/>
      <line num="5" count="1" type="stmt"/>
      <line num="12" count="1" type="stmt"/>
      <line num="13" count="5" type="stmt"/>
      <line num="15" count="5" type="stmt"/>
      <line num="45" count="1" type="stmt"/>
      <line num="64" count="1" type="stmt"/>
      <line num="72" count="1" type="stmt"/>
    </file>
  </project>
</coverage>
