{"C:\\Skill Sheet Project\\Frontend\\React Project\\skill-sheet-frontend\\src\\components\\Navbar.tsx": {"path":"C:\\Skill Sheet Project\\Frontend\\React Project\\skill-sheet-frontend\\src\\components\\Navbar.tsx","statementMap":{"0":{"start":{"line":1,"column":0},"end":{"line":1,"column":26}},"1":{"start":{"line":2,"column":0},"end":{"line":2,"column":65}},"2":{"start":{"line":3,"column":0},"end":{"line":3,"column":52}},"3":{"start":{"line":4,"column":0},"end":{"line":4,"column":50}},"4":{"start":{"line":5,"column":0},"end":{"line":5,"column":32}},"5":{"start":{"line":12,"column":44},"end":{"line":70,"column":1}},"6":{"start":{"line":13,"column":64},"end":{"line":13,"column":85}},"7":{"start":{"line":15,"column":2},"end":{"line":69,"column":4}},"8":{"start":{"line":45,"column":31},"end":{"line":45,"column":63}},"9":{"start":{"line":64,"column":23},"end":{"line":64,"column":56}},"10":{"start":{"line":72,"column":0},"end":{"line":72,"column":28}}},"fnMap":{"0":{"name":"(anonymous_1)","decl":{"start":{"line":12,"column":44},"end":{"line":12,"column":45}},"loc":{"start":{"line":12,"column":72},"end":{"line":70,"column":1}}},"1":{"name":"(anonymous_2)","decl":{"start":{"line":45,"column":25},"end":{"line":45,"column":28}},"loc":{"start":{"line":45,"column":31},"end":{"line":45,"column":63}}},"2":{"name":"(anonymous_3)","decl":{"start":{"line":64,"column":17},"end":{"line":64,"column":20}},"loc":{"start":{"line":64,"column":23},"end":{"line":64,"column":56}}}},"branchMap":{},"s":{"0":1,"1":1,"2":1,"3":1,"4":1,"5":1,"6":5,"7":5,"8":1,"9":1,"10":1},"f":{"0":5,"1":1,"2":1},"b":{}}
}
